<?xml version="1.0" encoding="UTF-8"?>
<!-- Generated by org.testng.reporters.JUnitReportReporter -->
<testsuite hostname="LIN25008829" failures="0" tests="4" name="day_42.OrangeHRMTest" time="18.090" errors="0" timestamp="2025-01-31T10:59:43 IST" skipped="0">
  <testcase classname="day_42.OrangeHRMTest" name="openApp" time="11.469"/>
  <system-out/>
  <testcase classname="day_42.OrangeHRMTest" name="testLogo" time="1.278"/>
  <system-out/>
  <testcase classname="day_42.OrangeHRMTest" name="login" time="0.381"/>
  <system-out/>
  <testcase classname="day_42.OrangeHRMTest" name="logout" time="4.962"/>
  <system-out/>
</testsuite> <!-- day_42.OrangeHRMTest -->
