<?xml version="1.0" encoding="UTF-8"?>
<!-- Generated by org.testng.reporters.JUnitReportReporter -->
<testsuite hostname="LIN25008829" failures="0" tests="3" name="day_44.LoginTest" time="0.012" errors="0" timestamp="2025-02-04T10:12:51 IST" skipped="0">
  <testcase classname="day_44.LoginTest" name="loginByEmail" time="0.009"/>
  <system-out/>
  <testcase classname="day_44.LoginTest" name="loginByFB" time="0.001"/>
  <system-out/>
  <testcase classname="day_44.LoginTest" name="loginByTwitter" time="0.002"/>
  <system-out/>
</testsuite> <!-- day_44.LoginTest -->
