<?xml version="1.0" encoding="UTF-8"?>
<!-- Generated by org.testng.reporters.JUnitReportReporter -->
<testsuite hostname="LIN25008829" failures="0" tests="3" name="day_44.PaymentTest" time="0.020" errors="0" timestamp="2025-02-04T10:15:22 IST" skipped="0">
  <testcase classname="day_44.PaymentTest" name="paymentByrupees" time="0.017"/>
  <system-out/>
  <testcase classname="day_44.PaymentTest" name="paymentBydollar" time="0.002"/>
  <system-out/>
  <testcase classname="day_44.PaymentTest" name="paymentBypound" time="0.001"/>
  <system-out/>
</testsuite> <!-- day_44.PaymentTest -->
