<?xml version="1.0" encoding="UTF-8"?>
<!-- Generated by org.testng.reporters.JUnitReportReporter -->
<testsuite hostname="LIN25008829" failures="0" tests="2" name="day_43.pack.C1" time="0.004" errors="0" timestamp="2025-02-03T22:36:23 IST" skipped="0">
  <testcase classname="day_43.pack.C1" name="abc" time="0.002"/>
  <system-out/>
  <testcase classname="day_43.pack.C1" name="abc" time="0.002"/>
  <system-out/>
</testsuite> <!-- day_43.pack.C1 -->
