<?xml version="1.0" encoding="UTF-8"?>
<!-- Generated by org.testng.reporters.JUnitReportReporter -->
<testsuite hostname="LIN25008829" failures="0" tests="1" name="day_47.LoginTest" time="2.258" errors="0" timestamp="2025-02-17T17:24:06 IST" skipped="0">
  <testcase classname="day_47.LoginTest" name="Login" time="2.258"/>
  <system-out/>
</testsuite> <!-- day_47.LoginTest -->
