<?xml version="1.0" encoding="UTF-8"?>
<!-- Generated by org.testng.reporters.JUnitReportReporter -->
<testsuite hostname="LIN25008829" failures="0" tests="2" name="day_43.AnnotationsDemo1" time="0.011" errors="0" timestamp="2025-02-03T09:49:57 IST" skipped="0">
  <testcase classname="day_43.AnnotationsDemo1" name="search" time="0.010"/>
  <system-out/>
  <testcase classname="day_43.AnnotationsDemo1" name="adv_Search" time="0.001"/>
  <system-out/>
</testsuite> <!-- day_43.AnnotationsDemo1 -->
