<?xml version="1.0" encoding="UTF-8"?>
<!-- Generated by org.testng.reporters.JUnitReportReporter -->
<testsuite hostname="LIN25008829" failures="0" tests="3" name="day_42.myFirstTestCase" time="0.015" errors="0" timestamp="2025-01-31T10:59:43 IST" skipped="0">
  <testcase classname="day_42.myFirstTestCase" name="openurl" time="0.013"/>
  <system-out/>
  <testcase classname="day_42.myFirstTestCase" name="logout" time="0.001"/>
  <system-out/>
  <testcase classname="day_42.myFirstTestCase" name="login" time="0.001"/>
  <system-out/>
</testsuite> <!-- day_42.myFirstTestCase -->
